Analysis & Elaboration report for DE10_Standard_i2sound
Wed Apr 13 16:51:03 2022
Quartus Prime Version 18.1.0 Build 625 09/12/2018 SJ Lite Edition


---------------------
; Table of Contents ;
---------------------
  1. Legal Notice
  2. Analysis & Elaboration Summary
  3. Parallel Compilation
  4. Analysis & Elaboration Settings
  5. Port Connectivity Checks: "i2c:u2"
  6. Port Connectivity Checks: "keytr:u3"
  7. Analysis & Elaboration Messages



----------------
; Legal Notice ;
----------------
Copyright (C) 2018  Intel Corporation. All rights reserved.
Your use of Intel Corporation's design tools, logic functions 
and other software and tools, and its AMPP partner logic 
functions, and any output files from any of the foregoing 
(including device programming or simulation files), and any 
associated documentation or information are expressly subject 
to the terms and conditions of the Intel Program License 
Subscription Agreement, the Intel Quartus Prime License Agreement,
the Intel FPGA IP License Agreement, or other applicable license
agreement, including, without limitation, that your use is for
the sole purpose of programming logic devices manufactured by
Intel and sold by Intel or its authorized distributors.  Please
refer to the applicable agreement for further details.



+-----------------------------------------------------------------------------+
; Analysis & Elaboration Summary                                              ;
+-------------------------------+---------------------------------------------+
; Analysis & Elaboration Status ; Successful - Wed Apr 13 16:51:03 2022       ;
; Quartus Prime Version         ; 18.1.0 Build 625 09/12/2018 SJ Lite Edition ;
; Revision Name                 ; DE10_Standard_i2sound                       ;
; Top-level Entity Name         ; DE10_Standard_i2sound                       ;
; Family                        ; Cyclone V                                   ;
; Logic utilization (in ALMs)   ; N/A until Partition Merge                   ;
; Total registers               ; N/A until Partition Merge                   ;
; Total pins                    ; N/A until Partition Merge                   ;
; Total virtual pins            ; N/A until Partition Merge                   ;
; Total block memory bits       ; N/A until Partition Merge                   ;
; Total PLLs                    ; N/A until Partition Merge                   ;
; Total DLLs                    ; N/A until Partition Merge                   ;
+-------------------------------+---------------------------------------------+


+------------------------------------------+
; Parallel Compilation                     ;
+----------------------------+-------------+
; Processors                 ; Number      ;
+----------------------------+-------------+
; Number detected on machine ; 16          ;
; Maximum allowed            ; 16          ;
;                            ;             ;
; Average used               ; 1.00        ;
; Maximum used               ; 1           ;
;                            ;             ;
; Usage by Processor         ; % Time Used ;
;     Processor 1            ; 100.0%      ;
+----------------------------+-------------+


+---------------------------------------------------------------------------------------------------------------------------------+
; Analysis & Elaboration Settings                                                                                                 ;
+---------------------------------------------------------------------------------+-----------------------+-----------------------+
; Option                                                                          ; Setting               ; Default Value         ;
+---------------------------------------------------------------------------------+-----------------------+-----------------------+
; Device                                                                          ; 5CSXFC6D6F31C6        ;                       ;
; Top-level entity name                                                           ; DE10_Standard_i2sound ; DE10_Standard_i2sound ;
; Family name                                                                     ; Cyclone V             ; Cyclone V             ;
; Restructure Multiplexers                                                        ; Off                   ; Auto                  ;
; Optimization Technique                                                          ; Speed                 ; Balanced              ;
; Use smart compilation                                                           ; Off                   ; Off                   ;
; Enable parallel Assembler and Timing Analyzer during compilation                ; On                    ; On                    ;
; Enable compact report table                                                     ; Off                   ; Off                   ;
; MLAB Add Timing Constraints For Mixed-Port Feed-Through Mode Setting Don't Care ; Off                   ; Off                   ;
; Create Debugging Nodes for IP Cores                                             ; Off                   ; Off                   ;
; Preserve fewer node names                                                       ; On                    ; On                    ;
; Intel FPGA IP Evaluation Mode                                                   ; Enable                ; Enable                ;
; Verilog Version                                                                 ; Verilog_2001          ; Verilog_2001          ;
; VHDL Version                                                                    ; VHDL_1993             ; VHDL_1993             ;
; State Machine Processing                                                        ; Auto                  ; Auto                  ;
; Safe State Machine                                                              ; Off                   ; Off                   ;
; Extract Verilog State Machines                                                  ; On                    ; On                    ;
; Extract VHDL State Machines                                                     ; On                    ; On                    ;
; Ignore Verilog initial constructs                                               ; Off                   ; Off                   ;
; Iteration limit for constant Verilog loops                                      ; 5000                  ; 5000                  ;
; Iteration limit for non-constant Verilog loops                                  ; 250                   ; 250                   ;
; Add Pass-Through Logic to Inferred RAMs                                         ; On                    ; On                    ;
; Infer RAMs from Raw Logic                                                       ; On                    ; On                    ;
; Parallel Synthesis                                                              ; On                    ; On                    ;
; DSP Block Balancing                                                             ; Auto                  ; Auto                  ;
; NOT Gate Push-Back                                                              ; On                    ; On                    ;
; Power-Up Don't Care                                                             ; On                    ; On                    ;
; Remove Redundant Logic Cells                                                    ; Off                   ; Off                   ;
; Remove Duplicate Registers                                                      ; On                    ; On                    ;
; Ignore CARRY Buffers                                                            ; Off                   ; Off                   ;
; Ignore CASCADE Buffers                                                          ; Off                   ; Off                   ;
; Ignore GLOBAL Buffers                                                           ; Off                   ; Off                   ;
; Ignore ROW GLOBAL Buffers                                                       ; Off                   ; Off                   ;
; Ignore LCELL Buffers                                                            ; Off                   ; Off                   ;
; Ignore SOFT Buffers                                                             ; On                    ; On                    ;
; Limit AHDL Integers to 32 Bits                                                  ; Off                   ; Off                   ;
; Carry Chain Length                                                              ; 70                    ; 70                    ;
; Auto Carry Chains                                                               ; On                    ; On                    ;
; Auto Open-Drain Pins                                                            ; On                    ; On                    ;
; Perform WYSIWYG Primitive Resynthesis                                           ; Off                   ; Off                   ;
; Auto ROM Replacement                                                            ; On                    ; On                    ;
; Auto RAM Replacement                                                            ; On                    ; On                    ;
; Auto DSP Block Replacement                                                      ; On                    ; On                    ;
; Auto Shift Register Replacement                                                 ; Auto                  ; Auto                  ;
; Allow Shift Register Merging across Hierarchies                                 ; Auto                  ; Auto                  ;
; Auto Clock Enable Replacement                                                   ; On                    ; On                    ;
; Strict RAM Replacement                                                          ; Off                   ; Off                   ;
; Allow Synchronous Control Signals                                               ; On                    ; On                    ;
; Force Use of Synchronous Clear Signals                                          ; Off                   ; Off                   ;
; Auto Resource Sharing                                                           ; Off                   ; Off                   ;
; Allow Any RAM Size For Recognition                                              ; Off                   ; Off                   ;
; Allow Any ROM Size For Recognition                                              ; Off                   ; Off                   ;
; Allow Any Shift Register Size For Recognition                                   ; Off                   ; Off                   ;
; Use LogicLock Constraints during Resource Balancing                             ; On                    ; On                    ;
; Ignore translate_off and synthesis_off directives                               ; Off                   ; Off                   ;
; Timing-Driven Synthesis                                                         ; On                    ; On                    ;
; Report Parameter Settings                                                       ; On                    ; On                    ;
; Report Source Assignments                                                       ; On                    ; On                    ;
; Report Connectivity Checks                                                      ; On                    ; On                    ;
; Ignore Maximum Fan-Out Assignments                                              ; Off                   ; Off                   ;
; Synchronization Register Chain Length                                           ; 3                     ; 3                     ;
; Power Optimization During Synthesis                                             ; Normal compilation    ; Normal compilation    ;
; HDL message level                                                               ; Level2                ; Level2                ;
; Suppress Register Optimization Related Messages                                 ; Off                   ; Off                   ;
; Number of Removed Registers Reported in Synthesis Report                        ; 5000                  ; 5000                  ;
; Number of Swept Nodes Reported in Synthesis Report                              ; 5000                  ; 5000                  ;
; Number of Inverted Registers Reported in Synthesis Report                       ; 100                   ; 100                   ;
; Clock MUX Protection                                                            ; On                    ; On                    ;
; Auto Gated Clock Conversion                                                     ; Off                   ; Off                   ;
; Block Design Naming                                                             ; Auto                  ; Auto                  ;
; SDC constraint protection                                                       ; Off                   ; Off                   ;
; Synthesis Effort                                                                ; Auto                  ; Auto                  ;
; Shift Register Replacement - Allow Asynchronous Clear Signal                    ; On                    ; On                    ;
; Pre-Mapping Resynthesis Optimization                                            ; Off                   ; Off                   ;
; Analysis & Synthesis Message Level                                              ; Medium                ; Medium                ;
; Disable Register Merging Across Hierarchies                                     ; Auto                  ; Auto                  ;
; Resource Aware Inference For Block RAM                                          ; On                    ; On                    ;
; Automatic Parallel Synthesis                                                    ; On                    ; On                    ;
; Partial Reconfiguration Bitstream ID                                            ; Off                   ; Off                   ;
+---------------------------------------------------------------------------------+-----------------------+-----------------------+


+-------------------------------------------------------------------------------------------------------------------------------------------------------------------------------+
; Port Connectivity Checks: "i2c:u2"                                                                                                                                            ;
+------------+--------+----------+----------------------------------------------------------------------------------------------------------------------------------------------+
; Port       ; Type   ; Severity ; Details                                                                                                                                      ;
+------------+--------+----------+----------------------------------------------------------------------------------------------------------------------------------------------+
; RESET      ; Input  ; Info     ; Stuck at VCC                                                                                                                                 ;
; W_R        ; Input  ; Warning  ; Declared by entity but not connected by instance. If a default value exists, it will be used.  Otherwise, the port will be connected to GND. ;
; ACK        ; Output ; Warning  ; Declared by entity but not connected by instance. Logic that only feeds a dangling port will be removed.                                     ;
; SD_COUNTER ; Output ; Warning  ; Declared by entity but not connected by instance. Logic that only feeds a dangling port will be removed.                                     ;
; SDO        ; Output ; Warning  ; Declared by entity but not connected by instance. Logic that only feeds a dangling port will be removed.                                     ;
+------------+--------+----------+----------------------------------------------------------------------------------------------------------------------------------------------+


+----------------------------------------------------------------------------------------------------------------------------------------+
; Port Connectivity Checks: "keytr:u3"                                                                                                   ;
+---------+--------+----------+----------------------------------------------------------------------------------------------------------+
; Port    ; Type   ; Severity ; Details                                                                                                  ;
+---------+--------+----------+----------------------------------------------------------------------------------------------------------+
; ON      ; Output ; Warning  ; Declared by entity but not connected by instance. Logic that only feeds a dangling port will be removed. ;
; counter ; Output ; Warning  ; Declared by entity but not connected by instance. Logic that only feeds a dangling port will be removed. ;
+---------+--------+----------+----------------------------------------------------------------------------------------------------------+


+---------------------------------+
; Analysis & Elaboration Messages ;
+---------------------------------+
Info: *******************************************************************
Info: Running Quartus Prime Analysis & Elaboration
    Info: Version 18.1.0 Build 625 09/12/2018 SJ Lite Edition
    Info: Processing started: Wed Apr 13 16:50:45 2022
Info: Command: quartus_map --read_settings_files=on --write_settings_files=off DE10_Standard_i2sound -c DE10_Standard_i2sound --analysis_and_elaboration
Info (16303): Aggressive Performance optimization mode selected -- timing performance will be prioritized at the potential cost of increased logic area and compilation time
Warning (18236): Number of processors has not been specified which may cause overloading on shared machines.  Set the global assignment NUM_PARALLEL_PROCESSORS in your QSF to an appropriate value for best performance.
Info (20030): Parallel compilation is enabled and will use 16 of the 16 processors detected
Info (12021): Found 1 design units, including 1 entities, in source file v/hex.v
    Info (12023): Found entity 1: HEX File: C:/Users/Seth/Documents/GitHub/FPGA-Midi-Synth/FPGA-Midi-Synth/src/DE10_Standard Demos (reference)/DE10_Standard_i2sound/v/HEX.v Line: 1
Info (12021): Found 1 design units, including 1 entities, in source file v/keytr.v
    Info (12023): Found entity 1: keytr File: C:/Users/Seth/Documents/GitHub/FPGA-Midi-Synth/FPGA-Midi-Synth/src/DE10_Standard Demos (reference)/DE10_Standard_i2sound/v/keytr.v Line: 47
Info (12021): Found 1 design units, including 1 entities, in source file v/i2c.v
    Info (12023): Found entity 1: i2c File: C:/Users/Seth/Documents/GitHub/FPGA-Midi-Synth/FPGA-Midi-Synth/src/DE10_Standard Demos (reference)/DE10_Standard_i2sound/v/i2c.v Line: 43
Info (12021): Found 1 design units, including 1 entities, in source file v/clock_500.v
    Info (12023): Found entity 1: CLOCK_500 File: C:/Users/Seth/Documents/GitHub/FPGA-Midi-Synth/FPGA-Midi-Synth/src/DE10_Standard Demos (reference)/DE10_Standard_i2sound/v/clock_500.v Line: 45
Warning (12125): Using design file de10_standard_i2sound.v, which is not specified as a design file for the current project, but contains definitions for 1 design units and 1 entities in project
    Info (12023): Found entity 1: DE10_Standard_i2sound File: C:/Users/Seth/Documents/GitHub/FPGA-Midi-Synth/FPGA-Midi-Synth/src/DE10_Standard Demos (reference)/DE10_Standard_i2sound/de10_standard_i2sound.v Line: 6
Info (12127): Elaborating entity "DE10_Standard_i2sound" for the top level hierarchy
Warning (10034): Output port "HEX2" at de10_standard_i2sound.v(26) has no driver File: C:/Users/Seth/Documents/GitHub/FPGA-Midi-Synth/FPGA-Midi-Synth/src/DE10_Standard Demos (reference)/DE10_Standard_i2sound/de10_standard_i2sound.v Line: 26
Warning (10034): Output port "HEX3" at de10_standard_i2sound.v(27) has no driver File: C:/Users/Seth/Documents/GitHub/FPGA-Midi-Synth/FPGA-Midi-Synth/src/DE10_Standard Demos (reference)/DE10_Standard_i2sound/de10_standard_i2sound.v Line: 27
Warning (10034): Output port "HEX4" at de10_standard_i2sound.v(28) has no driver File: C:/Users/Seth/Documents/GitHub/FPGA-Midi-Synth/FPGA-Midi-Synth/src/DE10_Standard Demos (reference)/DE10_Standard_i2sound/de10_standard_i2sound.v Line: 28
Warning (10034): Output port "HEX5" at de10_standard_i2sound.v(29) has no driver File: C:/Users/Seth/Documents/GitHub/FPGA-Midi-Synth/FPGA-Midi-Synth/src/DE10_Standard Demos (reference)/DE10_Standard_i2sound/de10_standard_i2sound.v Line: 29
Warning (10034): Output port "DRAM_ADDR" at de10_standard_i2sound.v(32) has no driver File: C:/Users/Seth/Documents/GitHub/FPGA-Midi-Synth/FPGA-Midi-Synth/src/DE10_Standard Demos (reference)/DE10_Standard_i2sound/de10_standard_i2sound.v Line: 32
Warning (10034): Output port "DRAM_BA" at de10_standard_i2sound.v(33) has no driver File: C:/Users/Seth/Documents/GitHub/FPGA-Midi-Synth/FPGA-Midi-Synth/src/DE10_Standard Demos (reference)/DE10_Standard_i2sound/de10_standard_i2sound.v Line: 33
Warning (10034): Output port "VGA_B" at de10_standard_i2sound.v(53) has no driver File: C:/Users/Seth/Documents/GitHub/FPGA-Midi-Synth/FPGA-Midi-Synth/src/DE10_Standard Demos (reference)/DE10_Standard_i2sound/de10_standard_i2sound.v Line: 53
Warning (10034): Output port "VGA_G" at de10_standard_i2sound.v(55) has no driver File: C:/Users/Seth/Documents/GitHub/FPGA-Midi-Synth/FPGA-Midi-Synth/src/DE10_Standard Demos (reference)/DE10_Standard_i2sound/de10_standard_i2sound.v Line: 55
Warning (10034): Output port "VGA_R" at de10_standard_i2sound.v(57) has no driver File: C:/Users/Seth/Documents/GitHub/FPGA-Midi-Synth/FPGA-Midi-Synth/src/DE10_Standard Demos (reference)/DE10_Standard_i2sound/de10_standard_i2sound.v Line: 57
Warning (10034): Output port "DRAM_CAS_N" at de10_standard_i2sound.v(34) has no driver File: C:/Users/Seth/Documents/GitHub/FPGA-Midi-Synth/FPGA-Midi-Synth/src/DE10_Standard Demos (reference)/DE10_Standard_i2sound/de10_standard_i2sound.v Line: 34
Warning (10034): Output port "DRAM_CKE" at de10_standard_i2sound.v(35) has no driver File: C:/Users/Seth/Documents/GitHub/FPGA-Midi-Synth/FPGA-Midi-Synth/src/DE10_Standard Demos (reference)/DE10_Standard_i2sound/de10_standard_i2sound.v Line: 35
Warning (10034): Output port "DRAM_CLK" at de10_standard_i2sound.v(36) has no driver File: C:/Users/Seth/Documents/GitHub/FPGA-Midi-Synth/FPGA-Midi-Synth/src/DE10_Standard Demos (reference)/DE10_Standard_i2sound/de10_standard_i2sound.v Line: 36
Warning (10034): Output port "DRAM_CS_N" at de10_standard_i2sound.v(37) has no driver File: C:/Users/Seth/Documents/GitHub/FPGA-Midi-Synth/FPGA-Midi-Synth/src/DE10_Standard Demos (reference)/DE10_Standard_i2sound/de10_standard_i2sound.v Line: 37
Warning (10034): Output port "DRAM_LDQM" at de10_standard_i2sound.v(39) has no driver File: C:/Users/Seth/Documents/GitHub/FPGA-Midi-Synth/FPGA-Midi-Synth/src/DE10_Standard Demos (reference)/DE10_Standard_i2sound/de10_standard_i2sound.v Line: 39
Warning (10034): Output port "DRAM_RAS_N" at de10_standard_i2sound.v(40) has no driver File: C:/Users/Seth/Documents/GitHub/FPGA-Midi-Synth/FPGA-Midi-Synth/src/DE10_Standard Demos (reference)/DE10_Standard_i2sound/de10_standard_i2sound.v Line: 40
Warning (10034): Output port "DRAM_UDQM" at de10_standard_i2sound.v(41) has no driver File: C:/Users/Seth/Documents/GitHub/FPGA-Midi-Synth/FPGA-Midi-Synth/src/DE10_Standard Demos (reference)/DE10_Standard_i2sound/de10_standard_i2sound.v Line: 41
Warning (10034): Output port "DRAM_WE_N" at de10_standard_i2sound.v(42) has no driver File: C:/Users/Seth/Documents/GitHub/FPGA-Midi-Synth/FPGA-Midi-Synth/src/DE10_Standard Demos (reference)/DE10_Standard_i2sound/de10_standard_i2sound.v Line: 42
Warning (10034): Output port "TD_RESET_N" at de10_standard_i2sound.v(48) has no driver File: C:/Users/Seth/Documents/GitHub/FPGA-Midi-Synth/FPGA-Midi-Synth/src/DE10_Standard Demos (reference)/DE10_Standard_i2sound/de10_standard_i2sound.v Line: 48
Warning (10034): Output port "VGA_BLANK_N" at de10_standard_i2sound.v(52) has no driver File: C:/Users/Seth/Documents/GitHub/FPGA-Midi-Synth/FPGA-Midi-Synth/src/DE10_Standard Demos (reference)/DE10_Standard_i2sound/de10_standard_i2sound.v Line: 52
Warning (10034): Output port "VGA_CLK" at de10_standard_i2sound.v(54) has no driver File: C:/Users/Seth/Documents/GitHub/FPGA-Midi-Synth/FPGA-Midi-Synth/src/DE10_Standard Demos (reference)/DE10_Standard_i2sound/de10_standard_i2sound.v Line: 54
Warning (10034): Output port "VGA_HS" at de10_standard_i2sound.v(56) has no driver File: C:/Users/Seth/Documents/GitHub/FPGA-Midi-Synth/FPGA-Midi-Synth/src/DE10_Standard Demos (reference)/DE10_Standard_i2sound/de10_standard_i2sound.v Line: 56
Warning (10034): Output port "VGA_SYNC_N" at de10_standard_i2sound.v(58) has no driver File: C:/Users/Seth/Documents/GitHub/FPGA-Midi-Synth/FPGA-Midi-Synth/src/DE10_Standard Demos (reference)/DE10_Standard_i2sound/de10_standard_i2sound.v Line: 58
Warning (10034): Output port "VGA_VS" at de10_standard_i2sound.v(59) has no driver File: C:/Users/Seth/Documents/GitHub/FPGA-Midi-Synth/FPGA-Midi-Synth/src/DE10_Standard Demos (reference)/DE10_Standard_i2sound/de10_standard_i2sound.v Line: 59
Warning (10034): Output port "ADC_CONVST" at de10_standard_i2sound.v(76) has no driver File: C:/Users/Seth/Documents/GitHub/FPGA-Midi-Synth/FPGA-Midi-Synth/src/DE10_Standard Demos (reference)/DE10_Standard_i2sound/de10_standard_i2sound.v Line: 76
Warning (10034): Output port "ADC_DIN" at de10_standard_i2sound.v(77) has no driver File: C:/Users/Seth/Documents/GitHub/FPGA-Midi-Synth/FPGA-Midi-Synth/src/DE10_Standard Demos (reference)/DE10_Standard_i2sound/de10_standard_i2sound.v Line: 77
Warning (10034): Output port "ADC_SCLK" at de10_standard_i2sound.v(79) has no driver File: C:/Users/Seth/Documents/GitHub/FPGA-Midi-Synth/FPGA-Midi-Synth/src/DE10_Standard Demos (reference)/DE10_Standard_i2sound/de10_standard_i2sound.v Line: 79
Warning (10034): Output port "IRDA_TXD" at de10_standard_i2sound.v(88) has no driver File: C:/Users/Seth/Documents/GitHub/FPGA-Midi-Synth/FPGA-Midi-Synth/src/DE10_Standard Demos (reference)/DE10_Standard_i2sound/de10_standard_i2sound.v Line: 88
Info (12128): Elaborating entity "keytr" for hierarchy "keytr:u3" File: C:/Users/Seth/Documents/GitHub/FPGA-Midi-Synth/FPGA-Midi-Synth/src/DE10_Standard Demos (reference)/DE10_Standard_i2sound/de10_standard_i2sound.v Line: 117
Warning (10230): Verilog HDL assignment warning at keytr.v(135): truncated value with size 32 to match size of target (16) File: C:/Users/Seth/Documents/GitHub/FPGA-Midi-Synth/FPGA-Midi-Synth/src/DE10_Standard Demos (reference)/DE10_Standard_i2sound/v/keytr.v Line: 135
Warning (10034): Output port "counter" at keytr.v(66) has no driver File: C:/Users/Seth/Documents/GitHub/FPGA-Midi-Synth/FPGA-Midi-Synth/src/DE10_Standard Demos (reference)/DE10_Standard_i2sound/v/keytr.v Line: 66
Warning (10034): Output port "ON" at keytr.v(64) has no driver File: C:/Users/Seth/Documents/GitHub/FPGA-Midi-Synth/FPGA-Midi-Synth/src/DE10_Standard Demos (reference)/DE10_Standard_i2sound/v/keytr.v Line: 64
Info (12128): Elaborating entity "CLOCK_500" for hierarchy "CLOCK_500:u1" File: C:/Users/Seth/Documents/GitHub/FPGA-Midi-Synth/FPGA-Midi-Synth/src/DE10_Standard Demos (reference)/DE10_Standard_i2sound/de10_standard_i2sound.v Line: 131
Warning (10230): Verilog HDL assignment warning at clock_500.v(84): truncated value with size 32 to match size of target (1) File: C:/Users/Seth/Documents/GitHub/FPGA-Midi-Synth/FPGA-Midi-Synth/src/DE10_Standard Demos (reference)/DE10_Standard_i2sound/v/clock_500.v Line: 84
Warning (10230): Verilog HDL assignment warning at clock_500.v(91): truncated value with size 32 to match size of target (11) File: C:/Users/Seth/Documents/GitHub/FPGA-Midi-Synth/FPGA-Midi-Synth/src/DE10_Standard Demos (reference)/DE10_Standard_i2sound/v/clock_500.v Line: 91
Warning (10230): Verilog HDL assignment warning at clock_500.v(103): truncated value with size 32 to match size of target (6) File: C:/Users/Seth/Documents/GitHub/FPGA-Midi-Synth/FPGA-Midi-Synth/src/DE10_Standard Demos (reference)/DE10_Standard_i2sound/v/clock_500.v Line: 103
Warning (10230): Verilog HDL assignment warning at clock_500.v(117): truncated value with size 32 to match size of target (5) File: C:/Users/Seth/Documents/GitHub/FPGA-Midi-Synth/FPGA-Midi-Synth/src/DE10_Standard Demos (reference)/DE10_Standard_i2sound/v/clock_500.v Line: 117
Warning (10230): Verilog HDL assignment warning at clock_500.v(122): truncated value with size 32 to match size of target (4) File: C:/Users/Seth/Documents/GitHub/FPGA-Midi-Synth/FPGA-Midi-Synth/src/DE10_Standard Demos (reference)/DE10_Standard_i2sound/v/clock_500.v Line: 122
Warning (10230): Verilog HDL assignment warning at clock_500.v(123): truncated value with size 32 to match size of target (7) File: C:/Users/Seth/Documents/GitHub/FPGA-Midi-Synth/FPGA-Midi-Synth/src/DE10_Standard Demos (reference)/DE10_Standard_i2sound/v/clock_500.v Line: 123
Info (12128): Elaborating entity "i2c" for hierarchy "i2c:u2" File: C:/Users/Seth/Documents/GitHub/FPGA-Midi-Synth/FPGA-Midi-Synth/src/DE10_Standard Demos (reference)/DE10_Standard_i2sound/de10_standard_i2sound.v Line: 145
Warning (10230): Verilog HDL assignment warning at i2c.v(86): truncated value with size 32 to match size of target (1) File: C:/Users/Seth/Documents/GitHub/FPGA-Midi-Synth/FPGA-Midi-Synth/src/DE10_Standard Demos (reference)/DE10_Standard_i2sound/v/i2c.v Line: 86
Warning (10230): Verilog HDL assignment warning at i2c.v(85): truncated value with size 32 to match size of target (1) File: C:/Users/Seth/Documents/GitHub/FPGA-Midi-Synth/FPGA-Midi-Synth/src/DE10_Standard Demos (reference)/DE10_Standard_i2sound/v/i2c.v Line: 85
Warning (10230): Verilog HDL assignment warning at i2c.v(110): truncated value with size 32 to match size of target (6) File: C:/Users/Seth/Documents/GitHub/FPGA-Midi-Synth/FPGA-Midi-Synth/src/DE10_Standard Demos (reference)/DE10_Standard_i2sound/v/i2c.v Line: 110
Info (12128): Elaborating entity "HEX" for hierarchy "HEX:u4" File: C:/Users/Seth/Documents/GitHub/FPGA-Midi-Synth/FPGA-Midi-Synth/src/DE10_Standard Demos (reference)/DE10_Standard_i2sound/de10_standard_i2sound.v Line: 150
Warning (12241): 2 hierarchies have connectivity warnings - see the Connectivity Checks report folder
Info: Quartus Prime Analysis & Elaboration was successful. 0 errors, 42 warnings
    Info: Peak virtual memory: 4778 megabytes
    Info: Processing ended: Wed Apr 13 16:51:03 2022
    Info: Elapsed time: 00:00:18
    Info: Total CPU time (on all processors): 00:00:45


