Assembler report for DE10_Standard_i2sound
<<<<<<< Updated upstream
Mon Apr 18 15:24:01 2022
=======
Mon Apr 18 15:40:53 2022
>>>>>>> Stashed changes
Quartus Prime Version 18.1.0 Build 625 09/12/2018 SJ Lite Edition


---------------------
; Table of Contents ;
---------------------
  1. Legal Notice
  2. Assembler Summary
  3. Assembler Settings
  4. Assembler Generated Files
<<<<<<< Updated upstream
  5. Assembler Device Options: C:/Users/richi/OneDrive/Desktop/DE10Standard/FPGA-Midi-Synth/src/DE10_Standard Demos (reference)/DE10_Standard_i2sound/output_files/DE10_Standard_i2sound.sof
=======
  5. Assembler Device Options: C:/Users/Seth/Documents/GitHub/FPGA-Midi-Synth/FPGA-Midi-Synth/src/DE10_Standard Demos (reference)/DE10_Standard_i2sound/output_files/DE10_Standard_i2sound.sof
>>>>>>> Stashed changes
  6. Assembler Messages



----------------
; Legal Notice ;
----------------
Copyright (C) 2018  Intel Corporation. All rights reserved.
Your use of Intel Corporation's design tools, logic functions 
and other software and tools, and its AMPP partner logic 
functions, and any output files from any of the foregoing 
(including device programming or simulation files), and any 
associated documentation or information are expressly subject 
to the terms and conditions of the Intel Program License 
Subscription Agreement, the Intel Quartus Prime License Agreement,
the Intel FPGA IP License Agreement, or other applicable license
agreement, including, without limitation, that your use is for
the sole purpose of programming logic devices manufactured by
Intel and sold by Intel or its authorized distributors.  Please
refer to the applicable agreement for further details.



+---------------------------------------------------------------+
; Assembler Summary                                             ;
+-----------------------+---------------------------------------+
<<<<<<< Updated upstream
; Assembler Status      ; Successful - Mon Apr 18 15:24:01 2022 ;
; Revision Name         ; DE10_Standard_i2sound                 ;
; Top-level Entity Name ; DE10_Standard_i2sound                 ;
=======
; Assembler Status      ; Successful - Mon Apr 18 15:40:53 2022 ;
; Revision Name         ; DE10_Standard_i2sound                 ;
; Top-level Entity Name ; DE10_Standard_i2sound_all             ;
>>>>>>> Stashed changes
; Family                ; Cyclone V                             ;
; Device                ; 5CSXFC6D6F31C6                        ;
+-----------------------+---------------------------------------+


+----------------------------------+
; Assembler Settings               ;
+--------+---------+---------------+
; Option ; Setting ; Default Value ;
+--------+---------+---------------+


<<<<<<< Updated upstream
+---------------------------------------------------------------------------------------------------------------------------------------------------------------+
; Assembler Generated Files                                                                                                                                     ;
+---------------------------------------------------------------------------------------------------------------------------------------------------------------+
; File Name                                                                                                                                                     ;
+---------------------------------------------------------------------------------------------------------------------------------------------------------------+
; C:/Users/richi/OneDrive/Desktop/DE10Standard/FPGA-Midi-Synth/src/DE10_Standard Demos (reference)/DE10_Standard_i2sound/output_files/DE10_Standard_i2sound.sof ;
+---------------------------------------------------------------------------------------------------------------------------------------------------------------+


+-----------------------------------------------------------------------------------------------------------------------------------------------------------------------------------------+
; Assembler Device Options: C:/Users/richi/OneDrive/Desktop/DE10Standard/FPGA-Midi-Synth/src/DE10_Standard Demos (reference)/DE10_Standard_i2sound/output_files/DE10_Standard_i2sound.sof ;
+----------------+------------------------------------------------------------------------------------------------------------------------------------------------------------------------+
; Option         ; Setting                                                                                                                                                                ;
+----------------+------------------------------------------------------------------------------------------------------------------------------------------------------------------------+
; JTAG usercode  ; 0x00B1D488                                                                                                                                                             ;
; Checksum       ; 0x00B1D488                                                                                                                                                             ;
+----------------+------------------------------------------------------------------------------------------------------------------------------------------------------------------------+
=======
+-----------------------------------------------------------------------------------------------------------------------------------------------------------------+
; Assembler Generated Files                                                                                                                                       ;
+-----------------------------------------------------------------------------------------------------------------------------------------------------------------+
; File Name                                                                                                                                                       ;
+-----------------------------------------------------------------------------------------------------------------------------------------------------------------+
; C:/Users/Seth/Documents/GitHub/FPGA-Midi-Synth/FPGA-Midi-Synth/src/DE10_Standard Demos (reference)/DE10_Standard_i2sound/output_files/DE10_Standard_i2sound.sof ;
+-----------------------------------------------------------------------------------------------------------------------------------------------------------------+


+-------------------------------------------------------------------------------------------------------------------------------------------------------------------------------------------+
; Assembler Device Options: C:/Users/Seth/Documents/GitHub/FPGA-Midi-Synth/FPGA-Midi-Synth/src/DE10_Standard Demos (reference)/DE10_Standard_i2sound/output_files/DE10_Standard_i2sound.sof ;
+----------------+--------------------------------------------------------------------------------------------------------------------------------------------------------------------------+
; Option         ; Setting                                                                                                                                                                  ;
+----------------+--------------------------------------------------------------------------------------------------------------------------------------------------------------------------+
; JTAG usercode  ; 0x00B1D488                                                                                                                                                               ;
; Checksum       ; 0x00B1D488                                                                                                                                                               ;
+----------------+--------------------------------------------------------------------------------------------------------------------------------------------------------------------------+
>>>>>>> Stashed changes


+--------------------+
; Assembler Messages ;
+--------------------+
Info: *******************************************************************
Info: Running Quartus Prime Assembler
    Info: Version 18.1.0 Build 625 09/12/2018 SJ Lite Edition
<<<<<<< Updated upstream
    Info: Processing started: Mon Apr 18 15:23:50 2022
=======
    Info: Processing started: Mon Apr 18 15:40:47 2022
>>>>>>> Stashed changes
Info: Command: quartus_asm --read_settings_files=off --write_settings_files=off DE10_Standard_i2sound -c DE10_Standard_i2sound
Warning (18236): Number of processors has not been specified which may cause overloading on shared machines.  Set the global assignment NUM_PARALLEL_PROCESSORS in your QSF to an appropriate value for best performance.
Info (115030): Assembler is generating device programming files
Info: Quartus Prime Assembler was successful. 0 errors, 1 warning
<<<<<<< Updated upstream
    Info: Peak virtual memory: 4833 megabytes
    Info: Processing ended: Mon Apr 18 15:24:01 2022
    Info: Elapsed time: 00:00:11
    Info: Total CPU time (on all processors): 00:00:11
=======
    Info: Peak virtual memory: 4834 megabytes
    Info: Processing ended: Mon Apr 18 15:40:53 2022
    Info: Elapsed time: 00:00:06
    Info: Total CPU time (on all processors): 00:00:06
>>>>>>> Stashed changes


