Analysis & Elaboration report for SoundModule
Mon May 02 14:28:34 2022
Quartus Prime Version 18.1.0 Build 625 09/12/2018 SJ Lite Edition


---------------------
; Table of Contents ;
---------------------
  1. Legal Notice
  2. Analysis & Elaboration Summary
  3. Parallel Compilation
  4. Analysis & Elaboration IP Cores Summary
  5. Source assignments for Synthesizer:synthesizer|WaveTable0Rom:waveTable0Rom|altsyncram:altsyncram_component|altsyncram_5af1:auto_generated
  6. Source assignments for Synthesizer:synthesizer|WaveTable1Rom:waveTable1Rom|altsyncram:altsyncram_component|altsyncram_6af1:auto_generated
  7. Source assignments for Synthesizer:synthesizer|WaveTable2Rom:waveTable2Rom|altsyncram:altsyncram_component|altsyncram_7af1:auto_generated
  8. Parameter Settings for User Entity Instance: Synthesizer:synthesizer|WaveTable0Rom:waveTable0Rom|altsyncram:altsyncram_component
  9. Parameter Settings for User Entity Instance: Synthesizer:synthesizer|WaveTable1Rom:waveTable1Rom|altsyncram:altsyncram_component
 10. Parameter Settings for User Entity Instance: Synthesizer:synthesizer|WaveTable2Rom:waveTable2Rom|altsyncram:altsyncram_component
 11. altsyncram Parameter Settings by Entity Instance
 12. Analysis & Elaboration Settings
 13. Analysis & Elaboration Messages



----------------
; Legal Notice ;
----------------
Copyright (C) 2018  Intel Corporation. All rights reserved.
Your use of Intel Corporation's design tools, logic functions 
and other software and tools, and its AMPP partner logic 
functions, and any output files from any of the foregoing 
(including device programming or simulation files), and any 
associated documentation or information are expressly subject 
to the terms and conditions of the Intel Program License 
Subscription Agreement, the Intel Quartus Prime License Agreement,
the Intel FPGA IP License Agreement, or other applicable license
agreement, including, without limitation, that your use is for
the sole purpose of programming logic devices manufactured by
Intel and sold by Intel or its authorized distributors.  Please
refer to the applicable agreement for further details.



+-----------------------------------------------------------------------------+
; Analysis & Elaboration Summary                                              ;
+-------------------------------+---------------------------------------------+
; Analysis & Elaboration Status ; Successful - Mon May 02 14:28:34 2022       ;
; Quartus Prime Version         ; 18.1.0 Build 625 09/12/2018 SJ Lite Edition ;
; Revision Name                 ; SoundModule                                 ;
; Top-level Entity Name         ; SoundModule                                 ;
; Family                        ; Cyclone V                                   ;
; Logic utilization (in ALMs)   ; N/A until Partition Merge                   ;
; Total registers               ; N/A until Partition Merge                   ;
; Total pins                    ; N/A until Partition Merge                   ;
; Total virtual pins            ; N/A until Partition Merge                   ;
; Total block memory bits       ; N/A until Partition Merge                   ;
; Total PLLs                    ; N/A until Partition Merge                   ;
; Total DLLs                    ; N/A until Partition Merge                   ;
+-------------------------------+---------------------------------------------+


+------------------------------------------+
; Parallel Compilation                     ;
+----------------------------+-------------+
; Processors                 ; Number      ;
+----------------------------+-------------+
; Number detected on machine ; 16          ;
; Maximum allowed            ; 16          ;
;                            ;             ;
; Average used               ; 1.00        ;
; Maximum used               ; 1           ;
;                            ;             ;
; Usage by Processor         ; % Time Used ;
;     Processor 1            ; 100.0%      ;
+----------------------------+-------------+


+----------------------------------------------------------------------------------------------------------------------------------------------------+
; Analysis & Elaboration IP Cores Summary                                                                                                            ;
+--------+--------------+---------+--------------+--------------+------------------------------------------------------------------+-----------------+
; Vendor ; IP Core Name ; Version ; Release Date ; License Type ; Entity Instance                                                  ; IP Include File ;
+--------+--------------+---------+--------------+--------------+------------------------------------------------------------------+-----------------+
; Altera ; ROM: 1-PORT  ; 10.1    ; N/A          ; N/A          ; |SoundModule|Synthesizer:synthesizer|WaveTable0Rom:waveTable0Rom ; WaveTable0Rom.v ;
; Altera ; ROM: 1-PORT  ; 10.1    ; N/A          ; N/A          ; |SoundModule|Synthesizer:synthesizer|WaveTable1Rom:waveTable1Rom ; WaveTable1Rom.v ;
; Altera ; ROM: 1-PORT  ; 10.1    ; N/A          ; N/A          ; |SoundModule|Synthesizer:synthesizer|WaveTable2Rom:waveTable2Rom ; WaveTable2Rom.v ;
+--------+--------------+---------+--------------+--------------+------------------------------------------------------------------+-----------------+


+-------------------------------------------------------------------------------------------------------------------------------------------+
; Source assignments for Synthesizer:synthesizer|WaveTable0Rom:waveTable0Rom|altsyncram:altsyncram_component|altsyncram_5af1:auto_generated ;
+---------------------------------+--------------------+------+-----------------------------------------------------------------------------+
; Assignment                      ; Value              ; From ; To                                                                          ;
+---------------------------------+--------------------+------+-----------------------------------------------------------------------------+
; OPTIMIZE_POWER_DURING_SYNTHESIS ; NORMAL_COMPILATION ; -    ; -                                                                           ;
+---------------------------------+--------------------+------+-----------------------------------------------------------------------------+


+-------------------------------------------------------------------------------------------------------------------------------------------+
; Source assignments for Synthesizer:synthesizer|WaveTable1Rom:waveTable1Rom|altsyncram:altsyncram_component|altsyncram_6af1:auto_generated ;
+---------------------------------+--------------------+------+-----------------------------------------------------------------------------+
; Assignment                      ; Value              ; From ; To                                                                          ;
+---------------------------------+--------------------+------+-----------------------------------------------------------------------------+
; OPTIMIZE_POWER_DURING_SYNTHESIS ; NORMAL_COMPILATION ; -    ; -                                                                           ;
+---------------------------------+--------------------+------+-----------------------------------------------------------------------------+


+-------------------------------------------------------------------------------------------------------------------------------------------+
; Source assignments for Synthesizer:synthesizer|WaveTable2Rom:waveTable2Rom|altsyncram:altsyncram_component|altsyncram_7af1:auto_generated ;
+---------------------------------+--------------------+------+-----------------------------------------------------------------------------+
; Assignment                      ; Value              ; From ; To                                                                          ;
+---------------------------------+--------------------+------+-----------------------------------------------------------------------------+
; OPTIMIZE_POWER_DURING_SYNTHESIS ; NORMAL_COMPILATION ; -    ; -                                                                           ;
+---------------------------------+--------------------+------+-----------------------------------------------------------------------------+


+----------------------------------------------------------------------------------------------------------------------------------+
; Parameter Settings for User Entity Instance: Synthesizer:synthesizer|WaveTable0Rom:waveTable0Rom|altsyncram:altsyncram_component ;
+------------------------------------+----------------------+----------------------------------------------------------------------+
; Parameter Name                     ; Value                ; Type                                                                 ;
+------------------------------------+----------------------+----------------------------------------------------------------------+
; BYTE_SIZE_BLOCK                    ; 8                    ; Untyped                                                              ;
; AUTO_CARRY_CHAINS                  ; ON                   ; AUTO_CARRY                                                           ;
; IGNORE_CARRY_BUFFERS               ; OFF                  ; IGNORE_CARRY                                                         ;
; AUTO_CASCADE_CHAINS                ; ON                   ; AUTO_CASCADE                                                         ;
; IGNORE_CASCADE_BUFFERS             ; OFF                  ; IGNORE_CASCADE                                                       ;
; WIDTH_BYTEENA                      ; 1                    ; Untyped                                                              ;
; OPERATION_MODE                     ; ROM                  ; Untyped                                                              ;
; WIDTH_A                            ; 16                   ; Signed Integer                                                       ;
; WIDTHAD_A                          ; 8                    ; Signed Integer                                                       ;
; NUMWORDS_A                         ; 256                  ; Signed Integer                                                       ;
; OUTDATA_REG_A                      ; CLOCK0               ; Untyped                                                              ;
; ADDRESS_ACLR_A                     ; NONE                 ; Untyped                                                              ;
; OUTDATA_ACLR_A                     ; NONE                 ; Untyped                                                              ;
; WRCONTROL_ACLR_A                   ; NONE                 ; Untyped                                                              ;
; INDATA_ACLR_A                      ; NONE                 ; Untyped                                                              ;
; BYTEENA_ACLR_A                     ; NONE                 ; Untyped                                                              ;
; WIDTH_B                            ; 1                    ; Untyped                                                              ;
; WIDTHAD_B                          ; 1                    ; Untyped                                                              ;
; NUMWORDS_B                         ; 1                    ; Untyped                                                              ;
; INDATA_REG_B                       ; CLOCK1               ; Untyped                                                              ;
; WRCONTROL_WRADDRESS_REG_B          ; CLOCK1               ; Untyped                                                              ;
; RDCONTROL_REG_B                    ; CLOCK1               ; Untyped                                                              ;
; ADDRESS_REG_B                      ; CLOCK1               ; Untyped                                                              ;
; OUTDATA_REG_B                      ; UNREGISTERED         ; Untyped                                                              ;
; BYTEENA_REG_B                      ; CLOCK1               ; Untyped                                                              ;
; INDATA_ACLR_B                      ; NONE                 ; Untyped                                                              ;
; WRCONTROL_ACLR_B                   ; NONE                 ; Untyped                                                              ;
; ADDRESS_ACLR_B                     ; NONE                 ; Untyped                                                              ;
; OUTDATA_ACLR_B                     ; NONE                 ; Untyped                                                              ;
; RDCONTROL_ACLR_B                   ; NONE                 ; Untyped                                                              ;
; BYTEENA_ACLR_B                     ; NONE                 ; Untyped                                                              ;
; WIDTH_BYTEENA_A                    ; 1                    ; Signed Integer                                                       ;
; WIDTH_BYTEENA_B                    ; 1                    ; Untyped                                                              ;
; RAM_BLOCK_TYPE                     ; AUTO                 ; Untyped                                                              ;
; BYTE_SIZE                          ; 8                    ; Untyped                                                              ;
; READ_DURING_WRITE_MODE_MIXED_PORTS ; DONT_CARE            ; Untyped                                                              ;
; READ_DURING_WRITE_MODE_PORT_A      ; NEW_DATA_NO_NBE_READ ; Untyped                                                              ;
; READ_DURING_WRITE_MODE_PORT_B      ; NEW_DATA_NO_NBE_READ ; Untyped                                                              ;
; INIT_FILE                          ; lead0.mif            ; Untyped                                                              ;
; INIT_FILE_LAYOUT                   ; PORT_A               ; Untyped                                                              ;
; MAXIMUM_DEPTH                      ; 0                    ; Untyped                                                              ;
; CLOCK_ENABLE_INPUT_A               ; BYPASS               ; Untyped                                                              ;
; CLOCK_ENABLE_INPUT_B               ; NORMAL               ; Untyped                                                              ;
; CLOCK_ENABLE_OUTPUT_A              ; BYPASS               ; Untyped                                                              ;
; CLOCK_ENABLE_OUTPUT_B              ; NORMAL               ; Untyped                                                              ;
; CLOCK_ENABLE_CORE_A                ; USE_INPUT_CLKEN      ; Untyped                                                              ;
; CLOCK_ENABLE_CORE_B                ; USE_INPUT_CLKEN      ; Untyped                                                              ;
; ENABLE_ECC                         ; FALSE                ; Untyped                                                              ;
; ECC_PIPELINE_STAGE_ENABLED         ; FALSE                ; Untyped                                                              ;
; WIDTH_ECCSTATUS                    ; 3                    ; Untyped                                                              ;
; DEVICE_FAMILY                      ; Cyclone V            ; Untyped                                                              ;
; CBXI_PARAMETER                     ; altsyncram_5af1      ; Untyped                                                              ;
+------------------------------------+----------------------+----------------------------------------------------------------------+
Note: In order to hide this table in the UI and the text report file, please set the "Show Parameter Settings in Synthesis Report" option in "Analysis and Synthesis Settings -> More Settings" to "Off".


+----------------------------------------------------------------------------------------------------------------------------------+
; Parameter Settings for User Entity Instance: Synthesizer:synthesizer|WaveTable1Rom:waveTable1Rom|altsyncram:altsyncram_component ;
+------------------------------------+----------------------+----------------------------------------------------------------------+
; Parameter Name                     ; Value                ; Type                                                                 ;
+------------------------------------+----------------------+----------------------------------------------------------------------+
; BYTE_SIZE_BLOCK                    ; 8                    ; Untyped                                                              ;
; AUTO_CARRY_CHAINS                  ; ON                   ; AUTO_CARRY                                                           ;
; IGNORE_CARRY_BUFFERS               ; OFF                  ; IGNORE_CARRY                                                         ;
; AUTO_CASCADE_CHAINS                ; ON                   ; AUTO_CASCADE                                                         ;
; IGNORE_CASCADE_BUFFERS             ; OFF                  ; IGNORE_CASCADE                                                       ;
; WIDTH_BYTEENA                      ; 1                    ; Untyped                                                              ;
; OPERATION_MODE                     ; ROM                  ; Untyped                                                              ;
; WIDTH_A                            ; 16                   ; Signed Integer                                                       ;
; WIDTHAD_A                          ; 8                    ; Signed Integer                                                       ;
; NUMWORDS_A                         ; 256                  ; Signed Integer                                                       ;
; OUTDATA_REG_A                      ; CLOCK0               ; Untyped                                                              ;
; ADDRESS_ACLR_A                     ; NONE                 ; Untyped                                                              ;
; OUTDATA_ACLR_A                     ; NONE                 ; Untyped                                                              ;
; WRCONTROL_ACLR_A                   ; NONE                 ; Untyped                                                              ;
; INDATA_ACLR_A                      ; NONE                 ; Untyped                                                              ;
; BYTEENA_ACLR_A                     ; NONE                 ; Untyped                                                              ;
; WIDTH_B                            ; 1                    ; Untyped                                                              ;
; WIDTHAD_B                          ; 1                    ; Untyped                                                              ;
; NUMWORDS_B                         ; 1                    ; Untyped                                                              ;
; INDATA_REG_B                       ; CLOCK1               ; Untyped                                                              ;
; WRCONTROL_WRADDRESS_REG_B          ; CLOCK1               ; Untyped                                                              ;
; RDCONTROL_REG_B                    ; CLOCK1               ; Untyped                                                              ;
; ADDRESS_REG_B                      ; CLOCK1               ; Untyped                                                              ;
; OUTDATA_REG_B                      ; UNREGISTERED         ; Untyped                                                              ;
; BYTEENA_REG_B                      ; CLOCK1               ; Untyped                                                              ;
; INDATA_ACLR_B                      ; NONE                 ; Untyped                                                              ;
; WRCONTROL_ACLR_B                   ; NONE                 ; Untyped                                                              ;
; ADDRESS_ACLR_B                     ; NONE                 ; Untyped                                                              ;
; OUTDATA_ACLR_B                     ; NONE                 ; Untyped                                                              ;
; RDCONTROL_ACLR_B                   ; NONE                 ; Untyped                                                              ;
; BYTEENA_ACLR_B                     ; NONE                 ; Untyped                                                              ;
; WIDTH_BYTEENA_A                    ; 1                    ; Signed Integer                                                       ;
; WIDTH_BYTEENA_B                    ; 1                    ; Untyped                                                              ;
; RAM_BLOCK_TYPE                     ; AUTO                 ; Untyped                                                              ;
; BYTE_SIZE                          ; 8                    ; Untyped                                                              ;
; READ_DURING_WRITE_MODE_MIXED_PORTS ; DONT_CARE            ; Untyped                                                              ;
; READ_DURING_WRITE_MODE_PORT_A      ; NEW_DATA_NO_NBE_READ ; Untyped                                                              ;
; READ_DURING_WRITE_MODE_PORT_B      ; NEW_DATA_NO_NBE_READ ; Untyped                                                              ;
; INIT_FILE                          ; lead1.mif            ; Untyped                                                              ;
; INIT_FILE_LAYOUT                   ; PORT_A               ; Untyped                                                              ;
; MAXIMUM_DEPTH                      ; 0                    ; Untyped                                                              ;
; CLOCK_ENABLE_INPUT_A               ; BYPASS               ; Untyped                                                              ;
; CLOCK_ENABLE_INPUT_B               ; NORMAL               ; Untyped                                                              ;
; CLOCK_ENABLE_OUTPUT_A              ; BYPASS               ; Untyped                                                              ;
; CLOCK_ENABLE_OUTPUT_B              ; NORMAL               ; Untyped                                                              ;
; CLOCK_ENABLE_CORE_A                ; USE_INPUT_CLKEN      ; Untyped                                                              ;
; CLOCK_ENABLE_CORE_B                ; USE_INPUT_CLKEN      ; Untyped                                                              ;
; ENABLE_ECC                         ; FALSE                ; Untyped                                                              ;
; ECC_PIPELINE_STAGE_ENABLED         ; FALSE                ; Untyped                                                              ;
; WIDTH_ECCSTATUS                    ; 3                    ; Untyped                                                              ;
; DEVICE_FAMILY                      ; Cyclone V            ; Untyped                                                              ;
; CBXI_PARAMETER                     ; altsyncram_6af1      ; Untyped                                                              ;
+------------------------------------+----------------------+----------------------------------------------------------------------+
Note: In order to hide this table in the UI and the text report file, please set the "Show Parameter Settings in Synthesis Report" option in "Analysis and Synthesis Settings -> More Settings" to "Off".


+----------------------------------------------------------------------------------------------------------------------------------+
; Parameter Settings for User Entity Instance: Synthesizer:synthesizer|WaveTable2Rom:waveTable2Rom|altsyncram:altsyncram_component ;
+------------------------------------+----------------------+----------------------------------------------------------------------+
; Parameter Name                     ; Value                ; Type                                                                 ;
+------------------------------------+----------------------+----------------------------------------------------------------------+
; BYTE_SIZE_BLOCK                    ; 8                    ; Untyped                                                              ;
; AUTO_CARRY_CHAINS                  ; ON                   ; AUTO_CARRY                                                           ;
; IGNORE_CARRY_BUFFERS               ; OFF                  ; IGNORE_CARRY                                                         ;
; AUTO_CASCADE_CHAINS                ; ON                   ; AUTO_CASCADE                                                         ;
; IGNORE_CASCADE_BUFFERS             ; OFF                  ; IGNORE_CASCADE                                                       ;
; WIDTH_BYTEENA                      ; 1                    ; Untyped                                                              ;
; OPERATION_MODE                     ; ROM                  ; Untyped                                                              ;
; WIDTH_A                            ; 16                   ; Signed Integer                                                       ;
; WIDTHAD_A                          ; 8                    ; Signed Integer                                                       ;
; NUMWORDS_A                         ; 256                  ; Signed Integer                                                       ;
; OUTDATA_REG_A                      ; CLOCK0               ; Untyped                                                              ;
; ADDRESS_ACLR_A                     ; NONE                 ; Untyped                                                              ;
; OUTDATA_ACLR_A                     ; NONE                 ; Untyped                                                              ;
; WRCONTROL_ACLR_A                   ; NONE                 ; Untyped                                                              ;
; INDATA_ACLR_A                      ; NONE                 ; Untyped                                                              ;
; BYTEENA_ACLR_A                     ; NONE                 ; Untyped                                                              ;
; WIDTH_B                            ; 1                    ; Untyped                                                              ;
; WIDTHAD_B                          ; 1                    ; Untyped                                                              ;
; NUMWORDS_B                         ; 1                    ; Untyped                                                              ;
; INDATA_REG_B                       ; CLOCK1               ; Untyped                                                              ;
; WRCONTROL_WRADDRESS_REG_B          ; CLOCK1               ; Untyped                                                              ;
; RDCONTROL_REG_B                    ; CLOCK1               ; Untyped                                                              ;
; ADDRESS_REG_B                      ; CLOCK1               ; Untyped                                                              ;
; OUTDATA_REG_B                      ; UNREGISTERED         ; Untyped                                                              ;
; BYTEENA_REG_B                      ; CLOCK1               ; Untyped                                                              ;
; INDATA_ACLR_B                      ; NONE                 ; Untyped                                                              ;
; WRCONTROL_ACLR_B                   ; NONE                 ; Untyped                                                              ;
; ADDRESS_ACLR_B                     ; NONE                 ; Untyped                                                              ;
; OUTDATA_ACLR_B                     ; NONE                 ; Untyped                                                              ;
; RDCONTROL_ACLR_B                   ; NONE                 ; Untyped                                                              ;
; BYTEENA_ACLR_B                     ; NONE                 ; Untyped                                                              ;
; WIDTH_BYTEENA_A                    ; 1                    ; Signed Integer                                                       ;
; WIDTH_BYTEENA_B                    ; 1                    ; Untyped                                                              ;
; RAM_BLOCK_TYPE                     ; AUTO                 ; Untyped                                                              ;
; BYTE_SIZE                          ; 8                    ; Untyped                                                              ;
; READ_DURING_WRITE_MODE_MIXED_PORTS ; DONT_CARE            ; Untyped                                                              ;
; READ_DURING_WRITE_MODE_PORT_A      ; NEW_DATA_NO_NBE_READ ; Untyped                                                              ;
; READ_DURING_WRITE_MODE_PORT_B      ; NEW_DATA_NO_NBE_READ ; Untyped                                                              ;
; INIT_FILE                          ; lead2.mif            ; Untyped                                                              ;
; INIT_FILE_LAYOUT                   ; PORT_A               ; Untyped                                                              ;
; MAXIMUM_DEPTH                      ; 0                    ; Untyped                                                              ;
; CLOCK_ENABLE_INPUT_A               ; BYPASS               ; Untyped                                                              ;
; CLOCK_ENABLE_INPUT_B               ; NORMAL               ; Untyped                                                              ;
; CLOCK_ENABLE_OUTPUT_A              ; BYPASS               ; Untyped                                                              ;
; CLOCK_ENABLE_OUTPUT_B              ; NORMAL               ; Untyped                                                              ;
; CLOCK_ENABLE_CORE_A                ; USE_INPUT_CLKEN      ; Untyped                                                              ;
; CLOCK_ENABLE_CORE_B                ; USE_INPUT_CLKEN      ; Untyped                                                              ;
; ENABLE_ECC                         ; FALSE                ; Untyped                                                              ;
; ECC_PIPELINE_STAGE_ENABLED         ; FALSE                ; Untyped                                                              ;
; WIDTH_ECCSTATUS                    ; 3                    ; Untyped                                                              ;
; DEVICE_FAMILY                      ; Cyclone V            ; Untyped                                                              ;
; CBXI_PARAMETER                     ; altsyncram_7af1      ; Untyped                                                              ;
+------------------------------------+----------------------+----------------------------------------------------------------------+
Note: In order to hide this table in the UI and the text report file, please set the "Show Parameter Settings in Synthesis Report" option in "Analysis and Synthesis Settings -> More Settings" to "Off".


+---------------------------------------------------------------------------------------------------------------------------------+
; altsyncram Parameter Settings by Entity Instance                                                                                ;
+-------------------------------------------+-------------------------------------------------------------------------------------+
; Name                                      ; Value                                                                               ;
+-------------------------------------------+-------------------------------------------------------------------------------------+
; Number of entity instances                ; 3                                                                                   ;
; Entity Instance                           ; Synthesizer:synthesizer|WaveTable0Rom:waveTable0Rom|altsyncram:altsyncram_component ;
;     -- OPERATION_MODE                     ; ROM                                                                                 ;
;     -- WIDTH_A                            ; 16                                                                                  ;
;     -- NUMWORDS_A                         ; 256                                                                                 ;
;     -- OUTDATA_REG_A                      ; CLOCK0                                                                              ;
;     -- WIDTH_B                            ; 1                                                                                   ;
;     -- NUMWORDS_B                         ; 1                                                                                   ;
;     -- ADDRESS_REG_B                      ; CLOCK1                                                                              ;
;     -- OUTDATA_REG_B                      ; UNREGISTERED                                                                        ;
;     -- RAM_BLOCK_TYPE                     ; AUTO                                                                                ;
;     -- READ_DURING_WRITE_MODE_MIXED_PORTS ; DONT_CARE                                                                           ;
; Entity Instance                           ; Synthesizer:synthesizer|WaveTable1Rom:waveTable1Rom|altsyncram:altsyncram_component ;
;     -- OPERATION_MODE                     ; ROM                                                                                 ;
;     -- WIDTH_A                            ; 16                                                                                  ;
;     -- NUMWORDS_A                         ; 256                                                                                 ;
;     -- OUTDATA_REG_A                      ; CLOCK0                                                                              ;
;     -- WIDTH_B                            ; 1                                                                                   ;
;     -- NUMWORDS_B                         ; 1                                                                                   ;
;     -- ADDRESS_REG_B                      ; CLOCK1                                                                              ;
;     -- OUTDATA_REG_B                      ; UNREGISTERED                                                                        ;
;     -- RAM_BLOCK_TYPE                     ; AUTO                                                                                ;
;     -- READ_DURING_WRITE_MODE_MIXED_PORTS ; DONT_CARE                                                                           ;
; Entity Instance                           ; Synthesizer:synthesizer|WaveTable2Rom:waveTable2Rom|altsyncram:altsyncram_component ;
;     -- OPERATION_MODE                     ; ROM                                                                                 ;
;     -- WIDTH_A                            ; 16                                                                                  ;
;     -- NUMWORDS_A                         ; 256                                                                                 ;
;     -- OUTDATA_REG_A                      ; CLOCK0                                                                              ;
;     -- WIDTH_B                            ; 1                                                                                   ;
;     -- NUMWORDS_B                         ; 1                                                                                   ;
;     -- ADDRESS_REG_B                      ; CLOCK1                                                                              ;
;     -- OUTDATA_REG_B                      ; UNREGISTERED                                                                        ;
;     -- RAM_BLOCK_TYPE                     ; AUTO                                                                                ;
;     -- READ_DURING_WRITE_MODE_MIXED_PORTS ; DONT_CARE                                                                           ;
+-------------------------------------------+-------------------------------------------------------------------------------------+


+---------------------------------------------------------------------------------------------------------------------------+
; Analysis & Elaboration Settings                                                                                           ;
+---------------------------------------------------------------------------------+--------------------+--------------------+
; Option                                                                          ; Setting            ; Default Value      ;
+---------------------------------------------------------------------------------+--------------------+--------------------+
; Device                                                                          ; 5CSXFC6D6F31C6     ;                    ;
; Top-level entity name                                                           ; SoundModule        ; SoundModule        ;
; Family name                                                                     ; Cyclone V          ; Cyclone IV GX      ;
; Use smart compilation                                                           ; Off                ; Off                ;
; Enable parallel Assembler and Timing Analyzer during compilation                ; On                 ; On                 ;
; Enable compact report table                                                     ; Off                ; Off                ;
; Restructure Multiplexers                                                        ; Auto               ; Auto               ;
; MLAB Add Timing Constraints For Mixed-Port Feed-Through Mode Setting Don't Care ; Off                ; Off                ;
; Create Debugging Nodes for IP Cores                                             ; Off                ; Off                ;
; Preserve fewer node names                                                       ; On                 ; On                 ;
; Intel FPGA IP Evaluation Mode                                                   ; Enable             ; Enable             ;
; Verilog Version                                                                 ; Verilog_2001       ; Verilog_2001       ;
; VHDL Version                                                                    ; VHDL_1993          ; VHDL_1993          ;
; State Machine Processing                                                        ; Auto               ; Auto               ;
; Safe State Machine                                                              ; Off                ; Off                ;
; Extract Verilog State Machines                                                  ; On                 ; On                 ;
; Extract VHDL State Machines                                                     ; On                 ; On                 ;
; Ignore Verilog initial constructs                                               ; Off                ; Off                ;
; Iteration limit for constant Verilog loops                                      ; 5000               ; 5000               ;
; Iteration limit for non-constant Verilog loops                                  ; 250                ; 250                ;
; Add Pass-Through Logic to Inferred RAMs                                         ; On                 ; On                 ;
; Infer RAMs from Raw Logic                                                       ; On                 ; On                 ;
; Parallel Synthesis                                                              ; On                 ; On                 ;
; DSP Block Balancing                                                             ; Auto               ; Auto               ;
; NOT Gate Push-Back                                                              ; On                 ; On                 ;
; Power-Up Don't Care                                                             ; On                 ; On                 ;
; Remove Redundant Logic Cells                                                    ; Off                ; Off                ;
; Remove Duplicate Registers                                                      ; On                 ; On                 ;
; Ignore CARRY Buffers                                                            ; Off                ; Off                ;
; Ignore CASCADE Buffers                                                          ; Off                ; Off                ;
; Ignore GLOBAL Buffers                                                           ; Off                ; Off                ;
; Ignore ROW GLOBAL Buffers                                                       ; Off                ; Off                ;
; Ignore LCELL Buffers                                                            ; Off                ; Off                ;
; Ignore SOFT Buffers                                                             ; On                 ; On                 ;
; Limit AHDL Integers to 32 Bits                                                  ; Off                ; Off                ;
; Optimization Technique                                                          ; Balanced           ; Balanced           ;
; Carry Chain Length                                                              ; 70                 ; 70                 ;
; Auto Carry Chains                                                               ; On                 ; On                 ;
; Auto Open-Drain Pins                                                            ; On                 ; On                 ;
; Perform WYSIWYG Primitive Resynthesis                                           ; Off                ; Off                ;
; Auto ROM Replacement                                                            ; On                 ; On                 ;
; Auto RAM Replacement                                                            ; On                 ; On                 ;
; Auto DSP Block Replacement                                                      ; On                 ; On                 ;
; Auto Shift Register Replacement                                                 ; Auto               ; Auto               ;
; Allow Shift Register Merging across Hierarchies                                 ; Auto               ; Auto               ;
; Auto Clock Enable Replacement                                                   ; On                 ; On                 ;
; Strict RAM Replacement                                                          ; Off                ; Off                ;
; Allow Synchronous Control Signals                                               ; On                 ; On                 ;
; Force Use of Synchronous Clear Signals                                          ; Off                ; Off                ;
; Auto Resource Sharing                                                           ; Off                ; Off                ;
; Allow Any RAM Size For Recognition                                              ; Off                ; Off                ;
; Allow Any ROM Size For Recognition                                              ; Off                ; Off                ;
; Allow Any Shift Register Size For Recognition                                   ; Off                ; Off                ;
; Use LogicLock Constraints during Resource Balancing                             ; On                 ; On                 ;
; Ignore translate_off and synthesis_off directives                               ; Off                ; Off                ;
; Timing-Driven Synthesis                                                         ; On                 ; On                 ;
; Report Parameter Settings                                                       ; On                 ; On                 ;
; Report Source Assignments                                                       ; On                 ; On                 ;
; Report Connectivity Checks                                                      ; On                 ; On                 ;
; Ignore Maximum Fan-Out Assignments                                              ; Off                ; Off                ;
; Synchronization Register Chain Length                                           ; 3                  ; 3                  ;
; Power Optimization During Synthesis                                             ; Normal compilation ; Normal compilation ;
; HDL message level                                                               ; Level2             ; Level2             ;
; Suppress Register Optimization Related Messages                                 ; Off                ; Off                ;
; Number of Removed Registers Reported in Synthesis Report                        ; 5000               ; 5000               ;
; Number of Swept Nodes Reported in Synthesis Report                              ; 5000               ; 5000               ;
; Number of Inverted Registers Reported in Synthesis Report                       ; 100                ; 100                ;
; Clock MUX Protection                                                            ; On                 ; On                 ;
; Auto Gated Clock Conversion                                                     ; Off                ; Off                ;
; Block Design Naming                                                             ; Auto               ; Auto               ;
; SDC constraint protection                                                       ; Off                ; Off                ;
; Synthesis Effort                                                                ; Auto               ; Auto               ;
; Shift Register Replacement - Allow Asynchronous Clear Signal                    ; On                 ; On                 ;
; Pre-Mapping Resynthesis Optimization                                            ; Off                ; Off                ;
; Analysis & Synthesis Message Level                                              ; Medium             ; Medium             ;
; Disable Register Merging Across Hierarchies                                     ; Auto               ; Auto               ;
; Resource Aware Inference For Block RAM                                          ; On                 ; On                 ;
; Automatic Parallel Synthesis                                                    ; On                 ; On                 ;
; Partial Reconfiguration Bitstream ID                                            ; Off                ; Off                ;
+---------------------------------------------------------------------------------+--------------------+--------------------+


+---------------------------------+
; Analysis & Elaboration Messages ;
+---------------------------------+
Info: *******************************************************************
Info: Running Quartus Prime Analysis & Elaboration
    Info: Version 18.1.0 Build 625 09/12/2018 SJ Lite Edition
    Info: Processing started: Mon May 02 14:28:23 2022
Info: Command: quartus_map --read_settings_files=on --write_settings_files=off SoundModule -c SoundModule --analysis_and_elaboration
Warning (18236): Number of processors has not been specified which may cause overloading on shared machines.  Set the global assignment NUM_PARALLEL_PROCESSORS in your QSF to an appropriate value for best performance.
Info (20030): Parallel compilation is enabled and will use 16 of the 16 processors detected
Info (12021): Found 1 design units, including 1 entities, in source file midinotenumbertosampleticks.v
    Info (12023): Found entity 1: MidiNoteNumberToSampleTicks File: C:/Users/Seth/Documents/GitHub/FPGA-Midi-Synth/FPGA-Midi-Synth/src/element14-sound-module (reference)/MidiNoteNumberToSampleTicks.v Line: 1
Info (12021): Found 1 design units, including 1 entities, in source file soundmodule.v
    Info (12023): Found entity 1: SoundModule File: C:/Users/Seth/Documents/GitHub/FPGA-Midi-Synth/FPGA-Midi-Synth/src/element14-sound-module (reference)/SoundModule.v Line: 1
Info (12021): Found 1 design units, including 1 entities, in source file synthesizer.v
    Info (12023): Found entity 1: Synthesizer File: C:/Users/Seth/Documents/GitHub/FPGA-Midi-Synth/FPGA-Midi-Synth/src/element14-sound-module (reference)/Synthesizer.v Line: 1
Info (12021): Found 1 design units, including 1 entities, in source file midiprocessor.v
    Info (12023): Found entity 1: MidiProcessor File: C:/Users/Seth/Documents/GitHub/FPGA-Midi-Synth/FPGA-Midi-Synth/src/element14-sound-module (reference)/MidiProcessor.v Line: 1
Info (12021): Found 1 design units, including 1 entities, in source file midibytereader.v
    Info (12023): Found entity 1: MidiByteReader File: C:/Users/Seth/Documents/GitHub/FPGA-Midi-Synth/FPGA-Midi-Synth/src/element14-sound-module (reference)/MidiByteReader.v Line: 1
Info (12021): Found 1 design units, including 1 entities, in source file wavetable0rom.v
    Info (12023): Found entity 1: WaveTable0Rom File: C:/Users/Seth/Documents/GitHub/FPGA-Midi-Synth/FPGA-Midi-Synth/src/element14-sound-module (reference)/WaveTable0Rom.v Line: 39
Info (12021): Found 1 design units, including 1 entities, in source file wavetable1rom.v
    Info (12023): Found entity 1: WaveTable1Rom File: C:/Users/Seth/Documents/GitHub/FPGA-Midi-Synth/FPGA-Midi-Synth/src/element14-sound-module (reference)/WaveTable1Rom.v Line: 39
Info (12021): Found 1 design units, including 1 entities, in source file samplemixer.v
    Info (12023): Found entity 1: SampleMixer File: C:/Users/Seth/Documents/GitHub/FPGA-Midi-Synth/FPGA-Midi-Synth/src/element14-sound-module (reference)/SampleMixer.v Line: 1
Info (12021): Found 1 design units, including 1 entities, in source file wavetable2rom.v
    Info (12023): Found entity 1: WaveTable2Rom File: C:/Users/Seth/Documents/GitHub/FPGA-Midi-Synth/FPGA-Midi-Synth/src/element14-sound-module (reference)/WaveTable2Rom.v Line: 39
Info (12127): Elaborating entity "SoundModule" for the top level hierarchy
Info (12128): Elaborating entity "MidiProcessor" for hierarchy "MidiProcessor:midiProcessor" File: C:/Users/Seth/Documents/GitHub/FPGA-Midi-Synth/FPGA-Midi-Synth/src/element14-sound-module (reference)/SoundModule.v Line: 18
Warning (10036): Verilog HDL or VHDL warning at MidiProcessor.v(10): object "channel" assigned a value but never read File: C:/Users/Seth/Documents/GitHub/FPGA-Midi-Synth/FPGA-Midi-Synth/src/element14-sound-module (reference)/MidiProcessor.v Line: 10
Warning (10036): Verilog HDL or VHDL warning at MidiProcessor.v(13): object "dataByte2" assigned a value but never read File: C:/Users/Seth/Documents/GitHub/FPGA-Midi-Synth/FPGA-Midi-Synth/src/element14-sound-module (reference)/MidiProcessor.v Line: 13
Info (10264): Verilog HDL Case Statement information at MidiProcessor.v(32): all case item expressions in this case statement are onehot File: C:/Users/Seth/Documents/GitHub/FPGA-Midi-Synth/FPGA-Midi-Synth/src/element14-sound-module (reference)/MidiProcessor.v Line: 32
Info (10264): Verilog HDL Case Statement information at MidiProcessor.v(75): all case item expressions in this case statement are onehot File: C:/Users/Seth/Documents/GitHub/FPGA-Midi-Synth/FPGA-Midi-Synth/src/element14-sound-module (reference)/MidiProcessor.v Line: 75
Info (10264): Verilog HDL Case Statement information at MidiProcessor.v(95): all case item expressions in this case statement are onehot File: C:/Users/Seth/Documents/GitHub/FPGA-Midi-Synth/FPGA-Midi-Synth/src/element14-sound-module (reference)/MidiProcessor.v Line: 95
Info (12128): Elaborating entity "MidiByteReader" for hierarchy "MidiProcessor:midiProcessor|MidiByteReader:midiByteReader" File: C:/Users/Seth/Documents/GitHub/FPGA-Midi-Synth/FPGA-Midi-Synth/src/element14-sound-module (reference)/MidiProcessor.v Line: 23
Info (12128): Elaborating entity "MidiNoteNumberToSampleTicks" for hierarchy "MidiProcessor:midiProcessor|MidiNoteNumberToSampleTicks:midiNoteNumberToSampleTicks" File: C:/Users/Seth/Documents/GitHub/FPGA-Midi-Synth/FPGA-Midi-Synth/src/element14-sound-module (reference)/MidiProcessor.v Line: 24
Info (12128): Elaborating entity "Synthesizer" for hierarchy "Synthesizer:synthesizer" File: C:/Users/Seth/Documents/GitHub/FPGA-Midi-Synth/FPGA-Midi-Synth/src/element14-sound-module (reference)/SoundModule.v Line: 19
Info (12128): Elaborating entity "WaveTable0Rom" for hierarchy "Synthesizer:synthesizer|WaveTable0Rom:waveTable0Rom" File: C:/Users/Seth/Documents/GitHub/FPGA-Midi-Synth/FPGA-Midi-Synth/src/element14-sound-module (reference)/Synthesizer.v Line: 28
Info (12128): Elaborating entity "altsyncram" for hierarchy "Synthesizer:synthesizer|WaveTable0Rom:waveTable0Rom|altsyncram:altsyncram_component" File: C:/Users/Seth/Documents/GitHub/FPGA-Midi-Synth/FPGA-Midi-Synth/src/element14-sound-module (reference)/WaveTable0Rom.v Line: 81
Info (12130): Elaborated megafunction instantiation "Synthesizer:synthesizer|WaveTable0Rom:waveTable0Rom|altsyncram:altsyncram_component" File: C:/Users/Seth/Documents/GitHub/FPGA-Midi-Synth/FPGA-Midi-Synth/src/element14-sound-module (reference)/WaveTable0Rom.v Line: 81
Info (12133): Instantiated megafunction "Synthesizer:synthesizer|WaveTable0Rom:waveTable0Rom|altsyncram:altsyncram_component" with the following parameter: File: C:/Users/Seth/Documents/GitHub/FPGA-Midi-Synth/FPGA-Midi-Synth/src/element14-sound-module (reference)/WaveTable0Rom.v Line: 81
    Info (12134): Parameter "address_aclr_a" = "NONE"
    Info (12134): Parameter "clock_enable_input_a" = "BYPASS"
    Info (12134): Parameter "clock_enable_output_a" = "BYPASS"
    Info (12134): Parameter "init_file" = "lead0.mif"
    Info (12134): Parameter "intended_device_family" = "Cyclone IV E"
    Info (12134): Parameter "lpm_hint" = "ENABLE_RUNTIME_MOD=NO"
    Info (12134): Parameter "lpm_type" = "altsyncram"
    Info (12134): Parameter "numwords_a" = "256"
    Info (12134): Parameter "operation_mode" = "ROM"
    Info (12134): Parameter "outdata_aclr_a" = "NONE"
    Info (12134): Parameter "outdata_reg_a" = "CLOCK0"
    Info (12134): Parameter "widthad_a" = "8"
    Info (12134): Parameter "width_a" = "16"
    Info (12134): Parameter "width_byteena_a" = "1"
Info (12021): Found 1 design units, including 1 entities, in source file db/altsyncram_5af1.tdf
    Info (12023): Found entity 1: altsyncram_5af1 File: C:/Users/Seth/Documents/GitHub/FPGA-Midi-Synth/FPGA-Midi-Synth/src/element14-sound-module (reference)/db/altsyncram_5af1.tdf Line: 27
Info (12128): Elaborating entity "altsyncram_5af1" for hierarchy "Synthesizer:synthesizer|WaveTable0Rom:waveTable0Rom|altsyncram:altsyncram_component|altsyncram_5af1:auto_generated" File: c:/intelfpga_lite/18.1/quartus/libraries/megafunctions/altsyncram.tdf Line: 791
Info (12128): Elaborating entity "WaveTable1Rom" for hierarchy "Synthesizer:synthesizer|WaveTable1Rom:waveTable1Rom" File: C:/Users/Seth/Documents/GitHub/FPGA-Midi-Synth/FPGA-Midi-Synth/src/element14-sound-module (reference)/Synthesizer.v Line: 29
Info (12128): Elaborating entity "altsyncram" for hierarchy "Synthesizer:synthesizer|WaveTable1Rom:waveTable1Rom|altsyncram:altsyncram_component" File: C:/Users/Seth/Documents/GitHub/FPGA-Midi-Synth/FPGA-Midi-Synth/src/element14-sound-module (reference)/WaveTable1Rom.v Line: 81
Info (12130): Elaborated megafunction instantiation "Synthesizer:synthesizer|WaveTable1Rom:waveTable1Rom|altsyncram:altsyncram_component" File: C:/Users/Seth/Documents/GitHub/FPGA-Midi-Synth/FPGA-Midi-Synth/src/element14-sound-module (reference)/WaveTable1Rom.v Line: 81
Info (12133): Instantiated megafunction "Synthesizer:synthesizer|WaveTable1Rom:waveTable1Rom|altsyncram:altsyncram_component" with the following parameter: File: C:/Users/Seth/Documents/GitHub/FPGA-Midi-Synth/FPGA-Midi-Synth/src/element14-sound-module (reference)/WaveTable1Rom.v Line: 81
    Info (12134): Parameter "address_aclr_a" = "NONE"
    Info (12134): Parameter "clock_enable_input_a" = "BYPASS"
    Info (12134): Parameter "clock_enable_output_a" = "BYPASS"
    Info (12134): Parameter "init_file" = "lead1.mif"
    Info (12134): Parameter "intended_device_family" = "Cyclone IV E"
    Info (12134): Parameter "lpm_hint" = "ENABLE_RUNTIME_MOD=NO"
    Info (12134): Parameter "lpm_type" = "altsyncram"
    Info (12134): Parameter "numwords_a" = "256"
    Info (12134): Parameter "operation_mode" = "ROM"
    Info (12134): Parameter "outdata_aclr_a" = "NONE"
    Info (12134): Parameter "outdata_reg_a" = "CLOCK0"
    Info (12134): Parameter "widthad_a" = "8"
    Info (12134): Parameter "width_a" = "16"
    Info (12134): Parameter "width_byteena_a" = "1"
Info (12021): Found 1 design units, including 1 entities, in source file db/altsyncram_6af1.tdf
    Info (12023): Found entity 1: altsyncram_6af1 File: C:/Users/Seth/Documents/GitHub/FPGA-Midi-Synth/FPGA-Midi-Synth/src/element14-sound-module (reference)/db/altsyncram_6af1.tdf Line: 27
Info (12128): Elaborating entity "altsyncram_6af1" for hierarchy "Synthesizer:synthesizer|WaveTable1Rom:waveTable1Rom|altsyncram:altsyncram_component|altsyncram_6af1:auto_generated" File: c:/intelfpga_lite/18.1/quartus/libraries/megafunctions/altsyncram.tdf Line: 791
Info (12128): Elaborating entity "WaveTable2Rom" for hierarchy "Synthesizer:synthesizer|WaveTable2Rom:waveTable2Rom" File: C:/Users/Seth/Documents/GitHub/FPGA-Midi-Synth/FPGA-Midi-Synth/src/element14-sound-module (reference)/Synthesizer.v Line: 30
Info (12128): Elaborating entity "altsyncram" for hierarchy "Synthesizer:synthesizer|WaveTable2Rom:waveTable2Rom|altsyncram:altsyncram_component" File: C:/Users/Seth/Documents/GitHub/FPGA-Midi-Synth/FPGA-Midi-Synth/src/element14-sound-module (reference)/WaveTable2Rom.v Line: 81
Info (12130): Elaborated megafunction instantiation "Synthesizer:synthesizer|WaveTable2Rom:waveTable2Rom|altsyncram:altsyncram_component" File: C:/Users/Seth/Documents/GitHub/FPGA-Midi-Synth/FPGA-Midi-Synth/src/element14-sound-module (reference)/WaveTable2Rom.v Line: 81
Info (12133): Instantiated megafunction "Synthesizer:synthesizer|WaveTable2Rom:waveTable2Rom|altsyncram:altsyncram_component" with the following parameter: File: C:/Users/Seth/Documents/GitHub/FPGA-Midi-Synth/FPGA-Midi-Synth/src/element14-sound-module (reference)/WaveTable2Rom.v Line: 81
    Info (12134): Parameter "address_aclr_a" = "NONE"
    Info (12134): Parameter "clock_enable_input_a" = "BYPASS"
    Info (12134): Parameter "clock_enable_output_a" = "BYPASS"
    Info (12134): Parameter "init_file" = "lead2.mif"
    Info (12134): Parameter "intended_device_family" = "Cyclone IV E"
    Info (12134): Parameter "lpm_hint" = "ENABLE_RUNTIME_MOD=NO"
    Info (12134): Parameter "lpm_type" = "altsyncram"
    Info (12134): Parameter "numwords_a" = "256"
    Info (12134): Parameter "operation_mode" = "ROM"
    Info (12134): Parameter "outdata_aclr_a" = "NONE"
    Info (12134): Parameter "outdata_reg_a" = "CLOCK0"
    Info (12134): Parameter "widthad_a" = "8"
    Info (12134): Parameter "width_a" = "16"
    Info (12134): Parameter "width_byteena_a" = "1"
Info (12021): Found 1 design units, including 1 entities, in source file db/altsyncram_7af1.tdf
    Info (12023): Found entity 1: altsyncram_7af1 File: C:/Users/Seth/Documents/GitHub/FPGA-Midi-Synth/FPGA-Midi-Synth/src/element14-sound-module (reference)/db/altsyncram_7af1.tdf Line: 27
Info (12128): Elaborating entity "altsyncram_7af1" for hierarchy "Synthesizer:synthesizer|WaveTable2Rom:waveTable2Rom|altsyncram:altsyncram_component|altsyncram_7af1:auto_generated" File: c:/intelfpga_lite/18.1/quartus/libraries/megafunctions/altsyncram.tdf Line: 791
Info (12128): Elaborating entity "SampleMixer" for hierarchy "Synthesizer:synthesizer|SampleMixer:sampleMixer" File: C:/Users/Seth/Documents/GitHub/FPGA-Midi-Synth/FPGA-Midi-Synth/src/element14-sound-module (reference)/Synthesizer.v Line: 32
Info: Quartus Prime Analysis & Elaboration was successful. 0 errors, 3 warnings
    Info: Peak virtual memory: 4796 megabytes
    Info: Processing ended: Mon May 02 14:28:34 2022
    Info: Elapsed time: 00:00:11
    Info: Total CPU time (on all processors): 00:00:30


